[2021-07-22 03:30:03] local.ERROR: Database connection [mysql] not configured. {"exception":"[object] (InvalidArgumentException(code: 0): Database connection [mysql] not configured. at /var/www/html/Laravel/research_brisk/vendor/laravel/framework/src/Illuminate/Database/DatabaseManager.php:152)
[stacktrace]
#0 /var/www/html/Laravel/research_brisk/vendor/laravel/framework/src/Illuminate/Database/DatabaseManager.php(115): Illuminate\\Database\\DatabaseManager->configuration()
#1 /var/www/html/Laravel/research_brisk/vendor/laravel/framework/src/Illuminate/Database/DatabaseManager.php(86): Illuminate\\Database\\DatabaseManager->makeConnection()
#2 /var/www/html/Laravel/research_brisk/vendor/laravel/framework/src/Illuminate/Support/Facades/Schema.php(45): Illuminate\\Database\\DatabaseManager->connection()
#3 /var/www/html/Laravel/research_brisk/vendor/laravel/framework/src/Illuminate/Support/Facades/Facade.php(166): Illuminate\\Support\\Facades\\Schema::getFacadeAccessor()
#4 /var/www/html/Laravel/research_brisk/vendor/laravel/framework/src/Illuminate/Support/Facades/Facade.php(255): Illuminate\\Support\\Facades\\Facade::getFacadeRoot()
#5 /var/www/html/Laravel/research_brisk/app/Providers/AppServiceProvider.php(28): Illuminate\\Support\\Facades\\Facade::__callStatic()
#6 /var/www/html/Laravel/research_brisk/vendor/laravel/framework/src/Illuminate/Container/BoundMethod.php(36): App\\Providers\\AppServiceProvider->boot()
#7 /var/www/html/Laravel/research_brisk/vendor/laravel/framework/src/Illuminate/Container/Util.php(40): Illuminate\\Container\\BoundMethod::Illuminate\\Container\\{closure}()
#8 /var/www/html/Laravel/research_brisk/vendor/laravel/framework/src/Illuminate/Container/BoundMethod.php(93): Illuminate\\Container\\Util::unwrapIfClosure()
#9 /var/www/html/Laravel/research_brisk/vendor/laravel/framework/src/Illuminate/Container/BoundMethod.php(37): Illuminate\\Container\\BoundMethod::callBoundMethod()
#10 /var/www/html/Laravel/research_brisk/vendor/laravel/framework/src/Illuminate/Container/Container.php(651): Illuminate\\Container\\BoundMethod::call()
#11 /var/www/html/Laravel/research_brisk/vendor/laravel/framework/src/Illuminate/Foundation/Application.php(914): Illuminate\\Container\\Container->call()
#12 /var/www/html/Laravel/research_brisk/vendor/laravel/framework/src/Illuminate/Foundation/Application.php(895): Illuminate\\Foundation\\Application->bootProvider()
#13 [internal function]: Illuminate\\Foundation\\Application->Illuminate\\Foundation\\{closure}()
#14 /var/www/html/Laravel/research_brisk/vendor/laravel/framework/src/Illuminate/Foundation/Application.php(896): array_walk()
#15 /var/www/html/Laravel/research_brisk/vendor/laravel/framework/src/Illuminate/Foundation/Bootstrap/BootProviders.php(17): Illuminate\\Foundation\\Application->boot()
#16 /var/www/html/Laravel/research_brisk/vendor/laravel/framework/src/Illuminate/Foundation/Application.php(237): Illuminate\\Foundation\\Bootstrap\\BootProviders->bootstrap()
#17 /var/www/html/Laravel/research_brisk/vendor/laravel/framework/src/Illuminate/Foundation/Console/Kernel.php(310): Illuminate\\Foundation\\Application->bootstrapWith()
#18 /var/www/html/Laravel/research_brisk/vendor/laravel/framework/src/Illuminate/Foundation/Console/ConfigCacheCommand.php(88): Illuminate\\Foundation\\Console\\Kernel->bootstrap()
#19 /var/www/html/Laravel/research_brisk/vendor/laravel/framework/src/Illuminate/Foundation/Console/ConfigCacheCommand.php(58): Illuminate\\Foundation\\Console\\ConfigCacheCommand->getFreshConfiguration()
#20 /var/www/html/Laravel/research_brisk/vendor/laravel/framework/src/Illuminate/Container/BoundMethod.php(36): Illuminate\\Foundation\\Console\\ConfigCacheCommand->handle()
#21 /var/www/html/Laravel/research_brisk/vendor/laravel/framework/src/Illuminate/Container/Util.php(40): Illuminate\\Container\\BoundMethod::Illuminate\\Container\\{closure}()
#22 /var/www/html/Laravel/research_brisk/vendor/laravel/framework/src/Illuminate/Container/BoundMethod.php(93): Illuminate\\Container\\Util::unwrapIfClosure()
#23 /var/www/html/Laravel/research_brisk/vendor/laravel/framework/src/Illuminate/Container/BoundMethod.php(37): Illuminate\\Container\\BoundMethod::callBoundMethod()
#24 /var/www/html/Laravel/research_brisk/vendor/laravel/framework/src/Illuminate/Container/Container.php(651): Illuminate\\Container\\BoundMethod::call()
#25 /var/www/html/Laravel/research_brisk/vendor/laravel/framework/src/Illuminate/Console/Command.php(136): Illuminate\\Container\\Container->call()
#26 /var/www/html/Laravel/research_brisk/vendor/symfony/console/Command/Command.php(299): Illuminate\\Console\\Command->execute()
#27 /var/www/html/Laravel/research_brisk/vendor/laravel/framework/src/Illuminate/Console/Command.php(121): Symfony\\Component\\Console\\Command\\Command->run()
#28 /var/www/html/Laravel/research_brisk/vendor/symfony/console/Application.php(978): Illuminate\\Console\\Command->run()
#29 /var/www/html/Laravel/research_brisk/vendor/symfony/console/Application.php(295): Symfony\\Component\\Console\\Application->doRunCommand()
#30 /var/www/html/Laravel/research_brisk/vendor/symfony/console/Application.php(167): Symfony\\Component\\Console\\Application->doRun()
#31 /var/www/html/Laravel/research_brisk/vendor/laravel/framework/src/Illuminate/Console/Application.php(92): Symfony\\Component\\Console\\Application->run()
#32 /var/www/html/Laravel/research_brisk/vendor/laravel/framework/src/Illuminate/Foundation/Console/Kernel.php(129): Illuminate\\Console\\Application->run()
#33 /var/www/html/Laravel/research_brisk/artisan(37): Illuminate\\Foundation\\Console\\Kernel->handle()
#34 {main}
"} 
